DEBUG - 2025-11-27 00:57:37 --> Session: Class initialized using 'CodeIgniter\Session\Handlers\FileHandler' driver.
ERROR - 2025-11-27 00:57:41 --> Error connecting to the database: mysqli_sql_exception: No connection could be made because the target machine actively refused it in D:\POLITEKNIK NEGERI CILACAP\SEMESTER_3\PRAKTIKUM_WEB_2\UAS\SIMAJA\system\Database\MySQLi\Connection.php:201
Stack trace:
#0 D:\POLITEKNIK NEGERI CILACAP\SEMESTER_3\PRAKTIKUM_WEB_2\UAS\SIMAJA\system\Database\MySQLi\Connection.php(201): mysqli->real_connect('localhost', 'root', Object(SensitiveParameterValue), 'pustaka', 3306, '', 0)
#1 D:\POLITEKNIK NEGERI CILACAP\SEMESTER_3\PRAKTIKUM_WEB_2\UAS\SIMAJA\system\Database\BaseConnection.php(419): CodeIgniter\Database\MySQLi\Connection->connect(false)
#2 D:\POLITEKNIK NEGERI CILACAP\SEMESTER_3\PRAKTIKUM_WEB_2\UAS\SIMAJA\system\Database\BaseConnection.php(614): CodeIgniter\Database\BaseConnection->initialize()
#3 D:\POLITEKNIK NEGERI CILACAP\SEMESTER_3\PRAKTIKUM_WEB_2\UAS\SIMAJA\system\Database\BaseBuilder.php(1649): CodeIgniter\Database\BaseConnection->query('SELECT *\nFROM `...', Array, false)
#4 D:\POLITEKNIK NEGERI CILACAP\SEMESTER_3\PRAKTIKUM_WEB_2\UAS\SIMAJA\system\Model.php(286): CodeIgniter\Database\BaseBuilder->get()
#5 D:\POLITEKNIK NEGERI CILACAP\SEMESTER_3\PRAKTIKUM_WEB_2\UAS\SIMAJA\system\BaseModel.php(677): CodeIgniter\Model->doFindAll(6, 0)
#6 D:\POLITEKNIK NEGERI CILACAP\SEMESTER_3\PRAKTIKUM_WEB_2\UAS\SIMAJA\app\Controllers\page.php(35): CodeIgniter\BaseModel->findAll(6)
#7 D:\POLITEKNIK NEGERI CILACAP\SEMESTER_3\PRAKTIKUM_WEB_2\UAS\SIMAJA\system\CodeIgniter.php(933): App\Controllers\Page->index()
#8 D:\POLITEKNIK NEGERI CILACAP\SEMESTER_3\PRAKTIKUM_WEB_2\UAS\SIMAJA\system\CodeIgniter.php(507): CodeIgniter\CodeIgniter->runController(Object(App\Controllers\Page))
#9 D:\POLITEKNIK NEGERI CILACAP\SEMESTER_3\PRAKTIKUM_WEB_2\UAS\SIMAJA\system\CodeIgniter.php(354): CodeIgniter\CodeIgniter->handleRequest(NULL, Object(Config\Cache), false)
#10 D:\POLITEKNIK NEGERI CILACAP\SEMESTER_3\PRAKTIKUM_WEB_2\UAS\SIMAJA\system\Boot.php(363): CodeIgniter\CodeIgniter->run()
#11 D:\POLITEKNIK NEGERI CILACAP\SEMESTER_3\PRAKTIKUM_WEB_2\UAS\SIMAJA\system\Boot.php(68): CodeIgniter\Boot::runCodeIgniter(Object(CodeIgniter\CodeIgniter))
#12 D:\POLITEKNIK NEGERI CILACAP\SEMESTER_3\PRAKTIKUM_WEB_2\UAS\SIMAJA\public\index.php(59): CodeIgniter\Boot::bootWeb(Object(Config\Paths))
#13 D:\POLITEKNIK NEGERI CILACAP\SEMESTER_3\PRAKTIKUM_WEB_2\UAS\SIMAJA\system\rewrite.php(44): require_once('D:\\POLITEKNIK N...')
#14 {main}

Next CodeIgniter\Database\Exceptions\DatabaseException: No connection could be made because the target machine actively refused it in D:\POLITEKNIK NEGERI CILACAP\SEMESTER_3\PRAKTIKUM_WEB_2\UAS\SIMAJA\system\Database\MySQLi\Connection.php:246
Stack trace:
#0 D:\POLITEKNIK NEGERI CILACAP\SEMESTER_3\PRAKTIKUM_WEB_2\UAS\SIMAJA\system\Database\BaseConnection.php(419): CodeIgniter\Database\MySQLi\Connection->connect(false)
#1 D:\POLITEKNIK NEGERI CILACAP\SEMESTER_3\PRAKTIKUM_WEB_2\UAS\SIMAJA\system\Database\BaseConnection.php(614): CodeIgniter\Database\BaseConnection->initialize()
#2 D:\POLITEKNIK NEGERI CILACAP\SEMESTER_3\PRAKTIKUM_WEB_2\UAS\SIMAJA\system\Database\BaseBuilder.php(1649): CodeIgniter\Database\BaseConnection->query('SELECT *\nFROM `...', Array, false)
#3 D:\POLITEKNIK NEGERI CILACAP\SEMESTER_3\PRAKTIKUM_WEB_2\UAS\SIMAJA\system\Model.php(286): CodeIgniter\Database\BaseBuilder->get()
#4 D:\POLITEKNIK NEGERI CILACAP\SEMESTER_3\PRAKTIKUM_WEB_2\UAS\SIMAJA\system\BaseModel.php(677): CodeIgniter\Model->doFindAll(6, 0)
#5 D:\POLITEKNIK NEGERI CILACAP\SEMESTER_3\PRAKTIKUM_WEB_2\UAS\SIMAJA\app\Controllers\page.php(35): CodeIgniter\BaseModel->findAll(6)
#6 D:\POLITEKNIK NEGERI CILACAP\SEMESTER_3\PRAKTIKUM_WEB_2\UAS\SIMAJA\system\CodeIgniter.php(933): App\Controllers\Page->index()
#7 D:\POLITEKNIK NEGERI CILACAP\SEMESTER_3\PRAKTIKUM_WEB_2\UAS\SIMAJA\system\CodeIgniter.php(507): CodeIgniter\CodeIgniter->runController(Object(App\Controllers\Page))
#8 D:\POLITEKNIK NEGERI CILACAP\SEMESTER_3\PRAKTIKUM_WEB_2\UAS\SIMAJA\system\CodeIgniter.php(354): CodeIgniter\CodeIgniter->handleRequest(NULL, Object(Config\Cache), false)
#9 D:\POLITEKNIK NEGERI CILACAP\SEMESTER_3\PRAKTIKUM_WEB_2\UAS\SIMAJA\system\Boot.php(363): CodeIgniter\CodeIgniter->run()
#10 D:\POLITEKNIK NEGERI CILACAP\SEMESTER_3\PRAKTIKUM_WEB_2\UAS\SIMAJA\system\Boot.php(68): CodeIgniter\Boot::runCodeIgniter(Object(CodeIgniter\CodeIgniter))
#11 D:\POLITEKNIK NEGERI CILACAP\SEMESTER_3\PRAKTIKUM_WEB_2\UAS\SIMAJA\public\index.php(59): CodeIgniter\Boot::bootWeb(Object(Config\Paths))
#12 D:\POLITEKNIK NEGERI CILACAP\SEMESTER_3\PRAKTIKUM_WEB_2\UAS\SIMAJA\system\rewrite.php(44): require_once('D:\\POLITEKNIK N...')
#13 {main}
CRITICAL - 2025-11-27 00:57:41 --> CodeIgniter\Database\Exceptions\DatabaseException: Unable to connect to the database.
Main connection [MySQLi]: No connection could be made because the target machine actively refused it
[Method: GET, Route: /]
in SYSTEMPATH\Database\BaseConnection.php on line 465.
 1 SYSTEMPATH\Database\BaseConnection.php(614): CodeIgniter\Database\BaseConnection->initialize()
 2 SYSTEMPATH\Database\BaseBuilder.php(1649): CodeIgniter\Database\BaseConnection->query('SELECT *
FROM `jadwal`
ORDER BY `tanggal` ASC
 LIMIT 6', [], false)
 3 SYSTEMPATH\Model.php(286): CodeIgniter\Database\BaseBuilder->get()
 4 SYSTEMPATH\BaseModel.php(677): CodeIgniter\Model->doFindAll(6, 0)
 5 APPPATH\Controllers\page.php(35): CodeIgniter\BaseModel->findAll(6)
 6 SYSTEMPATH\CodeIgniter.php(933): App\Controllers\Page->index()
 7 SYSTEMPATH\CodeIgniter.php(507): CodeIgniter\CodeIgniter->runController(Object(App\Controllers\Page))
 8 SYSTEMPATH\CodeIgniter.php(354): CodeIgniter\CodeIgniter->handleRequest(null, Object(Config\Cache), false)
 9 SYSTEMPATH\Boot.php(363): CodeIgniter\CodeIgniter->run()
10 SYSTEMPATH\Boot.php(68): CodeIgniter\Boot::runCodeIgniter(Object(CodeIgniter\CodeIgniter))
11 FCPATH\index.php(59): CodeIgniter\Boot::bootWeb(Object(Config\Paths))
12 SYSTEMPATH\rewrite.php(44): require_once('D:\\POLITEKNIK NEGERI CILACAP\\SEMESTER_3\\PRAKTIKUM_WEB_2\\UAS\\SIMAJA\\public\\index.php')
DEBUG - 2025-11-27 00:59:30 --> Session: Class initialized using 'CodeIgniter\Session\Handlers\FileHandler' driver.
DEBUG - 2025-11-27 01:04:40 --> Session: Class initialized using 'CodeIgniter\Session\Handlers\FileHandler' driver.
DEBUG - 2025-11-27 01:04:45 --> Session: Class initialized using 'CodeIgniter\Session\Handlers\FileHandler' driver.
DEBUG - 2025-11-27 01:04:59 --> Session: Class initialized using 'CodeIgniter\Session\Handlers\FileHandler' driver.
DEBUG - 2025-11-27 01:05:02 --> Session: Class initialized using 'CodeIgniter\Session\Handlers\FileHandler' driver.
DEBUG - 2025-11-27 01:05:11 --> Session: Class initialized using 'CodeIgniter\Session\Handlers\FileHandler' driver.
DEBUG - 2025-11-27 01:05:20 --> Session: Class initialized using 'CodeIgniter\Session\Handlers\FileHandler' driver.
DEBUG - 2025-11-27 01:06:02 --> Session: Class initialized using 'CodeIgniter\Session\Handlers\FileHandler' driver.
DEBUG - 2025-11-27 01:06:07 --> Session: Class initialized using 'CodeIgniter\Session\Handlers\FileHandler' driver.
DEBUG - 2025-11-27 01:06:16 --> Session: Class initialized using 'CodeIgniter\Session\Handlers\FileHandler' driver.
DEBUG - 2025-11-27 01:06:27 --> Session: Class initialized using 'CodeIgniter\Session\Handlers\FileHandler' driver.
DEBUG - 2025-11-27 01:06:34 --> Session: Class initialized using 'CodeIgniter\Session\Handlers\FileHandler' driver.
