DEBUG - 2025-10-01 01:32:46 --> Session: Class initialized using 'CodeIgniter\Session\Handlers\FileHandler' driver.
DEBUG - 2025-10-01 01:32:56 --> Session: Class initialized using 'CodeIgniter\Session\Handlers\FileHandler' driver.
DEBUG - 2025-10-01 01:32:58 --> Session: Class initialized using 'CodeIgniter\Session\Handlers\FileHandler' driver.
ERROR - 2025-10-01 01:33:02 --> Error connecting to the database: mysqli_sql_exception: No connection could be made because the target machine actively refused it in D:\laragon\www\CI\system\Database\MySQLi\Connection.php:201
Stack trace:
#0 D:\laragon\www\CI\system\Database\MySQLi\Connection.php(201): mysqli->real_connect('localhost', 'root', Object(SensitiveParameterValue), 'pustaka', 3306, '', 0)
#1 D:\laragon\www\CI\system\Database\BaseConnection.php(419): CodeIgniter\Database\MySQLi\Connection->connect(false)
#2 D:\laragon\www\CI\system\Database\BaseConnection.php(614): CodeIgniter\Database\BaseConnection->initialize()
#3 D:\laragon\www\CI\system\Database\BaseBuilder.php(1733): CodeIgniter\Database\BaseConnection->query('SELECT COUNT(*)...', Array, false)
#4 D:\laragon\www\CI\system\Model.php(675): CodeIgniter\Database\BaseBuilder->countAllResults(false)
#5 D:\laragon\www\CI\system\BaseModel.php(1277): CodeIgniter\Model->countAllResults(false)
#6 D:\laragon\www\CI\app\Controllers\Buku.php(29): CodeIgniter\BaseModel->paginate(2, 'buku')
#7 D:\laragon\www\CI\system\CodeIgniter.php(933): App\Controllers\Buku->index()
#8 D:\laragon\www\CI\system\CodeIgniter.php(507): CodeIgniter\CodeIgniter->runController(Object(App\Controllers\Buku))
#9 D:\laragon\www\CI\system\CodeIgniter.php(354): CodeIgniter\CodeIgniter->handleRequest(NULL, Object(Config\Cache), false)
#10 D:\laragon\www\CI\system\Boot.php(363): CodeIgniter\CodeIgniter->run()
#11 D:\laragon\www\CI\system\Boot.php(68): CodeIgniter\Boot::runCodeIgniter(Object(CodeIgniter\CodeIgniter))
#12 D:\laragon\www\CI\public\index.php(59): CodeIgniter\Boot::bootWeb(Object(Config\Paths))
#13 D:\laragon\www\CI\system\rewrite.php(44): require_once('D:\\laragon\\www\\...')
#14 {main}

Next CodeIgniter\Database\Exceptions\DatabaseException: No connection could be made because the target machine actively refused it in D:\laragon\www\CI\system\Database\MySQLi\Connection.php:246
Stack trace:
#0 D:\laragon\www\CI\system\Database\BaseConnection.php(419): CodeIgniter\Database\MySQLi\Connection->connect(false)
#1 D:\laragon\www\CI\system\Database\BaseConnection.php(614): CodeIgniter\Database\BaseConnection->initialize()
#2 D:\laragon\www\CI\system\Database\BaseBuilder.php(1733): CodeIgniter\Database\BaseConnection->query('SELECT COUNT(*)...', Array, false)
#3 D:\laragon\www\CI\system\Model.php(675): CodeIgniter\Database\BaseBuilder->countAllResults(false)
#4 D:\laragon\www\CI\system\BaseModel.php(1277): CodeIgniter\Model->countAllResults(false)
#5 D:\laragon\www\CI\app\Controllers\Buku.php(29): CodeIgniter\BaseModel->paginate(2, 'buku')
#6 D:\laragon\www\CI\system\CodeIgniter.php(933): App\Controllers\Buku->index()
#7 D:\laragon\www\CI\system\CodeIgniter.php(507): CodeIgniter\CodeIgniter->runController(Object(App\Controllers\Buku))
#8 D:\laragon\www\CI\system\CodeIgniter.php(354): CodeIgniter\CodeIgniter->handleRequest(NULL, Object(Config\Cache), false)
#9 D:\laragon\www\CI\system\Boot.php(363): CodeIgniter\CodeIgniter->run()
#10 D:\laragon\www\CI\system\Boot.php(68): CodeIgniter\Boot::runCodeIgniter(Object(CodeIgniter\CodeIgniter))
#11 D:\laragon\www\CI\public\index.php(59): CodeIgniter\Boot::bootWeb(Object(Config\Paths))
#12 D:\laragon\www\CI\system\rewrite.php(44): require_once('D:\\laragon\\www\\...')
#13 {main}
CRITICAL - 2025-10-01 01:33:02 --> CodeIgniter\Database\Exceptions\DatabaseException: Unable to connect to the database.
Main connection [MySQLi]: No connection could be made because the target machine actively refused it
[Method: GET, Route: buku]
in SYSTEMPATH\Database\BaseConnection.php on line 465.
 1 SYSTEMPATH\Database\BaseConnection.php(614): CodeIgniter\Database\BaseConnection->initialize()
 2 SYSTEMPATH\Database\BaseBuilder.php(1733): CodeIgniter\Database\BaseConnection->query('SELECT COUNT(*) AS `numrows`
FROM `buku`', [], false)
 3 SYSTEMPATH\Model.php(675): CodeIgniter\Database\BaseBuilder->countAllResults(false)
 4 SYSTEMPATH\BaseModel.php(1277): CodeIgniter\Model->countAllResults(false)
 5 APPPATH\Controllers\Buku.php(29): CodeIgniter\BaseModel->paginate(2, 'buku')
 6 SYSTEMPATH\CodeIgniter.php(933): App\Controllers\Buku->index()
 7 SYSTEMPATH\CodeIgniter.php(507): CodeIgniter\CodeIgniter->runController(Object(App\Controllers\Buku))
 8 SYSTEMPATH\CodeIgniter.php(354): CodeIgniter\CodeIgniter->handleRequest(null, Object(Config\Cache), false)
 9 SYSTEMPATH\Boot.php(363): CodeIgniter\CodeIgniter->run()
10 SYSTEMPATH\Boot.php(68): CodeIgniter\Boot::runCodeIgniter(Object(CodeIgniter\CodeIgniter))
11 FCPATH\index.php(59): CodeIgniter\Boot::bootWeb(Object(Config\Paths))
12 SYSTEMPATH\rewrite.php(44): require_once('D:\\laragon\\www\\CI\\public\\index.php')
DEBUG - 2025-10-01 01:37:18 --> Session: Class initialized using 'CodeIgniter\Session\Handlers\FileHandler' driver.
